<?xml version="1.0" encoding="utf-8"?>
<TestResult>
  <Test>
    <ID>45218</ID>
    <Vin>0.035</Vin>
    <Vout>4.921</Vout>
    <Vgain>140.6</Vgain>
    <Result>Passed</Result>
  </Test>
  <Test>
    <ID>32698</ID>
    <Vin>0.035</Vin>
    <Vout>4.871</Vout>
    <Vgain>139.171</Vgain>
    <Result>Passed</Result>
  </Test>
  <Test>
    <ID>38704</ID>
    <Vin>0.055</Vin>
    <Vout>4.991</Vout>
    <Vgain>90.745</Vgain>
    <Result>Passed</Result>
  </Test>
  <Test>
    <ID>649</ID>
    <Vin>0.045</Vin>
    <Vout>2.551</Vout>
    <Vgain>56.689</Vgain>
    <Result>Fail</Result>
  </Test>
  <Test>
    <ID>48148</ID>
    <Vin>0.045</Vin>
    <Vout>2.531</Vout>
    <Vgain>56.244</Vgain>
    <Result>Fail</Result>
  </Test>
  <Test>
    <ID>45264</ID>
    <Vin>0.065</Vin>
    <Vout>3.741</Vout>
    <Vgain>57.554</Vgain>
    <Result>Passed</Result>
  </Test>
  <Test>
    <ID>35947</ID>
    <Vin>0.055</Vin>
    <Vout>2.651</Vout>
    <Vgain>48.2</Vgain>
    <Result>Fail</Result>
  </Test>
  <Test>
    <ID>47183</ID>
    <Vin>0.045</Vin>
    <Vout>3.761</Vout>
    <Vgain>83.578</Vgain>
    <Result>Passed</Result>
  </Test>
  <Test>
    <ID>26581</ID>
    <Vin>0.065</Vin>
    <Vout>2.551</Vout>
    <Vgain>39.246</Vgain>
    <Result>Fail</Result>
  </Test>
  <Test>
    <ID>3803</ID>
    <Vin>0.035</Vin>
    <Vout>3.821</Vout>
    <Vgain>109.171</Vgain>
    <Result>Passed</Result>
  </Test>
</TestResult>